[18:19:36] [ServerMain/INFO]: Environment: Environment[sessionHost=https://sessionserver.mojang.com, servicesHost=https://api.minecraftservices.com, name=PROD]
[18:19:37] [ServerMain/INFO]: Loaded 1175 recipes
[18:19:37] [ServerMain/INFO]: Loaded 1276 advancements
[18:19:37] [Server thread/INFO]: Starting minecraft server version 1.20.6
[18:19:37] [Server thread/INFO]: Loading properties
[18:19:37] [Server thread/INFO]: This server is running Paper version 1.20.6-145-ver/1.20.6@fe7043e (2024-06-15T21:16:04Z) (Implementing API version 1.20.6-R0.1-SNAPSHOT)
[18:19:38] [Server thread/INFO]: Server Ping Player Sample Count: 12
[18:19:38] [Server thread/INFO]: Using 4 threads for Netty based IO
[18:19:38] [Server thread/WARN]: [!] The timings profiler has been enabled but has been scheduled for removal from Paper in the future.
    We recommend installing the spark profiler as a replacement: https://spark.lucko.me/
    For more information please visit: https://github.com/PaperMC/Paper/issues/8948
[18:19:38] [Server thread/INFO]: [ChunkTaskScheduler] Chunk system is using 1 I/O threads, 2 worker threads, and gen parallelism of 2 threads
[18:19:38] [Server thread/INFO]: Default game type: SURVIVAL
[18:19:38] [Server thread/INFO]: Generating keypair
[18:19:38] [Server thread/INFO]: Starting Minecraft server on *:25565
[18:19:38] [Server thread/INFO]: Using epoll channel type
[18:19:38] [Server thread/INFO]: Paper: Using libdeflate (Linux x86_64) compression from Velocity.
[18:19:38] [Server thread/INFO]: Paper: Using OpenSSL 3.0.x (Linux x86_64) cipher from Velocity.
[18:19:38] [Server thread/INFO]: Server permissions file permissions.yml is empty, ignoring it
[18:19:38] [Server thread/INFO]: Preparing level "world"
[18:19:39] [Server thread/INFO]: Preparing start region for dimension minecraft:overworld
[18:19:39] [Server thread/INFO]: Time elapsed: 591 ms
[18:19:39] [Server thread/INFO]: Preparing start region for dimension minecraft:the_nether
[18:19:39] [Server thread/INFO]: Time elapsed: 61 ms
[18:19:39] [Server thread/INFO]: Preparing start region for dimension minecraft:the_end
[18:19:39] [Server thread/INFO]: Time elapsed: 44 ms
[18:19:39] [Server thread/INFO]: Starting remote control listener
[18:19:39] [Server thread/INFO]: Thread RCON Listener started
[18:19:39] [Server thread/INFO]: RCON running on 0.0.0.0:25575
[18:19:39] [Server thread/INFO]: Running delayed init tasks
[18:19:39] [Server thread/INFO]: Done (2.303s)! For help, type "help"
[18:19:39] [Server thread/INFO]: Timings Reset
[18:19:42] [RCON Listener #1/INFO]: Thread RCON Client /172.18.0.4 started
[18:19:43] [RCON Listener #1/INFO]: Thread RCON Client /172.18.0.6 started
[18:19:43] [RCON Client /172.18.0.6 #3/INFO]: Thread RCON Client /172.18.0.6 shutting down
[18:19:43] [RCON Listener #1/INFO]: Thread RCON Client /172.18.0.6 started
[18:19:43] [Server thread/INFO]: [Rcon: Automatic saving is now disabled]
[18:19:43] [RCON Client /172.18.0.6 #4/INFO]: Thread RCON Client /172.18.0.6 shutting down
[18:19:43] [RCON Listener #1/INFO]: Thread RCON Client /172.18.0.6 started
[18:19:43] [Server thread/INFO]: ThreadedAnvilChunkStorage (world): All chunks are saved
[18:19:43] [Server thread/INFO]: ThreadedAnvilChunkStorage (DIM-1): All chunks are saved
[18:19:43] [Server thread/INFO]: ThreadedAnvilChunkStorage (DIM1): All chunks are saved
[18:19:43] [Server thread/INFO]: ThreadedAnvilChunkStorage: All dimensions are saved
[18:19:43] [Server thread/INFO]: [Rcon: Saved the game]
[18:19:43] [RCON Client /172.18.0.6 #5/INFO]: Thread RCON Client /172.18.0.6 shutting down
[18:19:45] [RCON Listener #1/INFO]: Thread RCON Client /172.18.0.6 started
[18:19:45] [Server thread/INFO]: [Rcon: Automatic saving is now enabled]
[18:19:45] [RCON Client /172.18.0.6 #6/INFO]: Thread RCON Client /172.18.0.6 shutting down
[18:21:36] [RCON Listener #1/INFO]: Thread RCON Client /0:0:0:0:0:0:0:1 started
[18:21:36] [Server thread/INFO]: [Rcon: Stopping the server]
[18:21:36] [Server thread/INFO]: Stopping server
[18:21:36] [RCON Client /0:0:0:0:0:0:0:1 #7/INFO]: Thread RCON Client /0:0:0:0:0:0:0:1 shutting down
[18:21:36] [Server thread/INFO]: Saving players
[18:21:36] [Server thread/INFO]: Saving worlds
[18:21:36] [Server thread/INFO]: Saving chunks for level 'ServerLevel[world]'/minecraft:overworld
[18:21:36] [Server thread/INFO]: [ChunkHolderManager] Waiting 60s for chunk system to halt for world 'world'
[18:21:36] [Server thread/INFO]: [ChunkHolderManager] Halted chunk system for world 'world'
[18:21:36] [Server thread/INFO]: [ChunkHolderManager] Saving all chunkholders for world 'world'
[18:21:36] [Server thread/INFO]: [ChunkHolderManager] Saved 0 block chunks, 3 entity chunks, 0 poi chunks in world 'world' in 0.00s
[18:21:36] [Server thread/INFO]: ThreadedAnvilChunkStorage (world): All chunks are saved
[18:21:36] [Server thread/INFO]: Saving chunks for level 'ServerLevel[world_nether]'/minecraft:the_nether
[18:21:36] [Server thread/INFO]: [ChunkHolderManager] Waiting 60s for chunk system to halt for world 'world_nether'
[18:21:36] [Server thread/INFO]: [ChunkHolderManager] Halted chunk system for world 'world_nether'
[18:21:36] [Server thread/INFO]: [ChunkHolderManager] Saving all chunkholders for world 'world_nether'
[18:21:36] [Server thread/INFO]: [ChunkHolderManager] Saved 0 block chunks, 3 entity chunks, 0 poi chunks in world 'world_nether' in 0.00s
[18:21:36] [Server thread/INFO]: ThreadedAnvilChunkStorage (DIM-1): All chunks are saved
[18:21:36] [Server thread/INFO]: Saving chunks for level 'ServerLevel[world_the_end]'/minecraft:the_end
[18:21:36] [Server thread/INFO]: [ChunkHolderManager] Waiting 60s for chunk system to halt for world 'world_the_end'
[18:21:36] [Server thread/INFO]: [ChunkHolderManager] Halted chunk system for world 'world_the_end'
[18:21:36] [Server thread/INFO]: [ChunkHolderManager] Saving all chunkholders for world 'world_the_end'
[18:21:36] [Server thread/INFO]: [ChunkHolderManager] Saved 0 block chunks, 10 entity chunks, 0 poi chunks in world 'world_the_end' in 0.00s
[18:21:36] [Server thread/INFO]: ThreadedAnvilChunkStorage (DIM1): All chunks are saved
[18:21:36] [Server thread/INFO]: ThreadedAnvilChunkStorage: All dimensions are saved
[18:21:36] [Server thread/INFO]: Flushing Chunk IO
[18:21:36] [Server thread/INFO]: Closing Thread Pool
[18:21:36] [Server thread/INFO]: Closing Server
